<?xml version="1.0" encoding="UTF-8"?>
<!-- Generated by org.testng.reporters.JUnitReportReporter -->
<testsuite hostname="DESKTOP-9434J20" failures="0" tests="1" name="shivamTask.CsvWrting" time="47.777" errors="0" timestamp="2023-12-02T13:20:04 IST" skipped="0">
  <testcase classname="shivamTask.CsvWrting" name="writeDataIntoCsv" time="47.777"/>
</testsuite> <!-- shivamTask.CsvWrting -->
